2009.09.07 18:00 B C:\water\index_files\1.gif --> cnetinfosystem.com /users/userweb5129/html/water/index_files 1.gif
2009.09.07 18:00 B C:\water\index_files\1a.gif --> cnetinfosystem.com /users/userweb5129/html/water/index_files 1a.gif
2009.09.07 18:00 B C:\water\index_files\2.gif --> cnetinfosystem.com /users/userweb5129/html/water/index_files 2.gif
2009.09.07 18:00 B C:\water\index_files\3.gif --> cnetinfosystem.com /users/userweb5129/html/water/index_files 3.gif
2009.09.07 18:00 B C:\water\index_files\4.gif --> cnetinfosystem.com /users/userweb5129/html/water/index_files 4.gif
2009.09.07 18:00 B C:\water\index_files\arrow3 - Copy.gif --> cnetinfosystem.com /users/userweb5129/html/water/index_files arrow3 - Copy.gif
2009.09.07 18:00 B C:\water\index_files\bb.gif --> cnetinfosystem.com /users/userweb5129/html/water/index_files bb.gif
2009.09.07 18:00 B C:\water\index_files\bg.gif --> cnetinfosystem.com /users/userweb5129/html/water/index_files bg.gif
2009.09.07 18:00 B C:\water\index_files\bg_250.gif --> cnetinfosystem.com /users/userweb5129/html/water/index_files bg_250.gif
2009.09.07 18:00 B C:\water\index_files\bg_top.gif --> cnetinfosystem.com /users/userweb5129/html/water/index_files bg_top.gif
2009.09.07 18:00 B C:\water\index_files\bookmark.gif --> cnetinfosystem.com /users/userweb5129/html/water/index_files bookmark.gif
2009.09.07 18:00 B C:\water\index_files\bt.gif --> cnetinfosystem.com /users/userweb5129/html/water/index_files bt.gif
2009.09.07 18:00 B C:\water\index_files\callus.gif --> cnetinfosystem.com /users/userweb5129/html/water/index_files callus.gif
2009.09.07 18:00 B C:\water\index_files\cdpresentation.gif --> cnetinfosystem.com /users/userweb5129/html/water/index_files cdpresentation.gif
2009.09.07 18:00 B C:\water\index_files\de.gif --> cnetinfosystem.com /users/userweb5129/html/water/index_files de.gif
2009.09.07 18:00 B C:\water\index_files\es.gif --> cnetinfosystem.com /users/userweb5129/html/water/index_files es.gif
2009.09.07 18:01 B C:\water\index_files\fr.gif --> cnetinfosystem.com /users/userweb5129/html/water/index_files fr.gif
2009.09.07 18:01 B C:\water\index_files\india.gif --> cnetinfosystem.com /users/userweb5129/html/water/index_files india.gif
2009.09.07 18:01 B C:\water\index_files\it.gif --> cnetinfosystem.com /users/userweb5129/html/water/index_files it.gif
2009.09.07 18:01 B C:\water\index_files\ko.gif --> cnetinfosystem.com /users/userweb5129/html/water/index_files ko.gif
2009.09.07 18:01 B C:\water\index_files\language.js --> cnetinfosystem.com /users/userweb5129/html/water/index_files language.js
2009.09.07 18:01 B C:\water\index_files\logo_T.gif --> cnetinfosystem.com /users/userweb5129/html/water/index_files logo_T.gif
2009.09.07 18:01 B C:\water\index_files\menu_left.gif --> cnetinfosystem.com /users/userweb5129/html/water/index_files menu_left.gif
2009.09.07 18:01 B C:\water\index_files\menu_right.gif --> cnetinfosystem.com /users/userweb5129/html/water/index_files menu_right.gif
2009.09.07 18:01 B C:\water\index_files\menu_tall.gif --> cnetinfosystem.com /users/userweb5129/html/water/index_files menu_tall.gif
2009.09.07 18:01 B C:\water\index_files\mm_menu.js --> cnetinfosystem.com /users/userweb5129/html/water/index_files mm_menu.js
2009.09.07 18:01 B C:\water\index_files\morinfo.gif --> cnetinfosystem.com /users/userweb5129/html/water/index_files morinfo.gif
2009.09.07 18:01 B C:\water\index_files\need-custom-design.gif --> cnetinfosystem.com /users/userweb5129/html/water/index_files need-custom-design.gif
2009.09.07 18:01 B C:\water\index_files\pro1.gif --> cnetinfosystem.com /users/userweb5129/html/water/index_files pro1.gif
2009.09.07 18:01 B C:\water\index_files\pro2.gif --> cnetinfosystem.com /users/userweb5129/html/water/index_files pro2.gif
2009.09.07 18:01 B C:\water\index_files\pro3.gif --> cnetinfosystem.com /users/userweb5129/html/water/index_files pro3.gif
2009.09.07 18:01 B C:\water\index_files\searchengine.gif --> cnetinfosystem.com /users/userweb5129/html/water/index_files searchengine.gif
2009.09.07 18:01 B C:\water\index_files\searchengine.js --> cnetinfosystem.com /users/userweb5129/html/water/index_files searchengine.js
2009.09.07 18:01 B C:\water\index_files\stylesheet.css --> cnetinfosystem.com /users/userweb5129/html/water/index_files stylesheet.css
2009.09.07 18:01 B C:\water\index_files\urchin.js --> cnetinfosystem.com /users/userweb5129/html/water/index_files urchin.js
2009.09.07 18:01 B C:\water\index_files\whatsnew.gif --> cnetinfosystem.com /users/userweb5129/html/water/index_files whatsnew.gif
2009.09.10 23:37 B C:\water\index_files\arrow_green.gif --> cnetinfosystem.com /users/userweb5129/html/water/index_files arrow_green.gif
